2022-08-22 07:51:41,156 [main] INFO  c.e.userservice.UserserviceApplication   :  Starting UserserviceApplication using Java 17.0.4 on 9neals-MacBook-Pro.local with PID 15193 (/Users/9neal/Desktop/backend/spring-boot/spring-microservice-demo/userservice/build/classes/java/main started by 9neal in /Users/9neal/Desktop/backend/spring-boot/spring-microservice-demo/userservice)
2022-08-22 07:51:41,158 [main] INFO  c.e.userservice.UserserviceApplication   :  No active profile set, falling back to 1 default profile: "default"
2022-08-22 07:51:41,658 [main] INFO  o.s.d.r.c.RepositoryConfigurationDelegate :  Bootstrapping Spring Data JPA repositories in DEFAULT mode.
2022-08-22 07:51:41,681 [main] INFO  o.s.d.r.c.RepositoryConfigurationDelegate :  Finished Spring Data repository scanning in 12 ms. Found 0 JPA repository interfaces.
2022-08-22 07:51:42,355 [main] INFO  o.s.b.w.embedded.tomcat.TomcatWebServer  :  Tomcat initialized with port(s): 9091 (http)
2022-08-22 07:51:42,369 [main] INFO  org.apache.catalina.core.StandardService :  Starting service [Tomcat]
2022-08-22 07:51:42,370 [main] INFO  org.apache.catalina.core.StandardEngine  :  Starting Servlet engine: [Apache Tomcat/9.0.65]
2022-08-22 07:51:42,469 [main] INFO  o.a.c.c.C.[Tomcat].[localhost].[/]       :  Initializing Spring embedded WebApplicationContext
2022-08-22 07:51:42,469 [main] INFO  o.s.b.w.s.c.ServletWebServerApplicationContext :  Root WebApplicationContext: initialization completed in 1277 ms
2022-08-22 07:51:42,498 [main] INFO  com.zaxxer.hikari.HikariDataSource       :  HikariPool-1 - Starting...
2022-08-22 07:51:42,675 [main] INFO  com.zaxxer.hikari.HikariDataSource       :  HikariPool-1 - Start completed.
2022-08-22 07:51:42,685 [main] INFO  o.s.b.a.h2.H2ConsoleAutoConfiguration    :  H2 console available at '/console'. Database available at 'jdbc:h2:mem:testdb'
2022-08-22 07:51:42,831 [main] INFO  o.hibernate.jpa.internal.util.LogHelper  :  HHH000204: Processing PersistenceUnitInfo [name: default]
2022-08-22 07:51:42,890 [main] INFO  org.hibernate.Version                    :  HHH000412: Hibernate ORM core version 5.6.10.Final
2022-08-22 07:51:43,057 [main] INFO  org.hibernate.annotations.common.Version :  HCANN000001: Hibernate Commons Annotations {5.1.2.Final}
2022-08-22 07:51:43,170 [main] INFO  org.hibernate.dialect.Dialect            :  HHH000400: Using dialect: org.hibernate.dialect.H2Dialect
2022-08-22 07:51:43,655 [main] INFO  o.h.e.t.j.p.i.JtaPlatformInitiator       :  HHH000490: Using JtaPlatform implementation: [org.hibernate.engine.transaction.jta.platform.internal.NoJtaPlatform]
2022-08-22 07:51:43,662 [main] INFO  o.s.o.j.LocalContainerEntityManagerFactoryBean :  Initialized JPA EntityManagerFactory for persistence unit 'default'
2022-08-22 07:51:43,888 [main] WARN  o.s.b.a.o.j.JpaBaseConfiguration$JpaWebConfiguration :  spring.jpa.open-in-view is enabled by default. Therefore, database queries may be performed during view rendering. Explicitly configure spring.jpa.open-in-view to disable this warning
2022-08-22 07:51:44,162 [main] INFO  o.s.b.w.embedded.tomcat.TomcatWebServer  :  Tomcat started on port(s): 9091 (http) with context path ''
2022-08-22 07:51:44,172 [main] INFO  c.e.userservice.UserserviceApplication   :  Started UserserviceApplication in 3.34 seconds (JVM running for 3.687)
2022-08-22 07:59:56,331 [SpringApplicationShutdownHook] INFO  o.s.o.j.LocalContainerEntityManagerFactoryBean :  Closing JPA EntityManagerFactory for persistence unit 'default'
2022-08-22 07:59:56,332 [SpringApplicationShutdownHook] INFO  o.h.t.s.i.SchemaDropperImpl$DelayedDropActionImpl :  HHH000477: Starting delayed evictData of schema as part of SessionFactory shut-down'
2022-08-22 07:59:56,507 [SpringApplicationShutdownHook] INFO  com.zaxxer.hikari.HikariDataSource       :  HikariPool-1 - Shutdown initiated...
2022-08-22 07:59:56,509 [SpringApplicationShutdownHook] INFO  com.zaxxer.hikari.HikariDataSource       :  HikariPool-1 - Shutdown completed.
2022-08-22 08:13:37,007 [main] INFO  c.e.userservice.UserserviceApplication   :  Starting UserserviceApplication using Java 17.0.4 on 9neals-MacBook-Pro.local with PID 15378 (/Users/9neal/Desktop/backend/spring-boot/spring-microservice-demo/userservice/build/classes/java/main started by 9neal in /Users/9neal/Desktop/backend/spring-boot/spring-microservice-demo/userservice)
2022-08-22 08:13:37,009 [main] INFO  c.e.userservice.UserserviceApplication   :  No active profile set, falling back to 1 default profile: "default"
2022-08-22 08:13:37,583 [main] INFO  o.s.d.r.c.RepositoryConfigurationDelegate :  Bootstrapping Spring Data JPA repositories in DEFAULT mode.
2022-08-22 08:13:37,598 [main] INFO  o.s.d.r.c.RepositoryConfigurationDelegate :  Finished Spring Data repository scanning in 6 ms. Found 0 JPA repository interfaces.
2022-08-22 08:13:38,121 [main] INFO  o.s.b.w.embedded.tomcat.TomcatWebServer  :  Tomcat initialized with port(s): 9091 (http)
2022-08-22 08:13:38,130 [main] INFO  org.apache.catalina.core.StandardService :  Starting service [Tomcat]
2022-08-22 08:13:38,130 [main] INFO  org.apache.catalina.core.StandardEngine  :  Starting Servlet engine: [Apache Tomcat/9.0.65]
2022-08-22 08:13:38,211 [main] INFO  o.a.c.c.C.[Tomcat].[localhost].[/]       :  Initializing Spring embedded WebApplicationContext
2022-08-22 08:13:38,211 [main] INFO  o.s.b.w.s.c.ServletWebServerApplicationContext :  Root WebApplicationContext: initialization completed in 1156 ms
2022-08-22 08:13:38,236 [main] INFO  com.zaxxer.hikari.HikariDataSource       :  HikariPool-1 - Starting...
2022-08-22 08:13:38,434 [main] INFO  com.zaxxer.hikari.HikariDataSource       :  HikariPool-1 - Start completed.
2022-08-22 08:13:38,445 [main] INFO  o.s.b.a.h2.H2ConsoleAutoConfiguration    :  H2 console available at '/console'. Database available at 'jdbc:h2:mem:testdb'
2022-08-22 08:13:38,553 [main] INFO  o.hibernate.jpa.internal.util.LogHelper  :  HHH000204: Processing PersistenceUnitInfo [name: default]
2022-08-22 08:13:38,624 [main] INFO  org.hibernate.Version                    :  HHH000412: Hibernate ORM core version 5.6.10.Final
2022-08-22 08:13:38,808 [main] INFO  org.hibernate.annotations.common.Version :  HCANN000001: Hibernate Commons Annotations {5.1.2.Final}
2022-08-22 08:13:38,923 [main] INFO  org.hibernate.dialect.Dialect            :  HHH000400: Using dialect: org.hibernate.dialect.H2Dialect
2022-08-22 08:13:39,366 [main] DEBUG org.hibernate.SQL                        :  drop table if exists users CASCADE 
2022-08-22 08:13:39,372 [main] DEBUG org.hibernate.SQL                        :  create table users (id integer generated by default as identity, password varchar(255), phone varchar(255), username varchar(255), primary key (id))
2022-08-22 08:13:39,379 [main] INFO  o.h.e.t.j.p.i.JtaPlatformInitiator       :  HHH000490: Using JtaPlatform implementation: [org.hibernate.engine.transaction.jta.platform.internal.NoJtaPlatform]
2022-08-22 08:13:39,387 [main] INFO  o.s.o.j.LocalContainerEntityManagerFactoryBean :  Initialized JPA EntityManagerFactory for persistence unit 'default'
2022-08-22 08:13:39,591 [main] WARN  o.s.b.a.o.j.JpaBaseConfiguration$JpaWebConfiguration :  spring.jpa.open-in-view is enabled by default. Therefore, database queries may be performed during view rendering. Explicitly configure spring.jpa.open-in-view to disable this warning
2022-08-22 08:13:39,871 [main] INFO  o.s.b.w.embedded.tomcat.TomcatWebServer  :  Tomcat started on port(s): 9091 (http) with context path ''
2022-08-22 08:13:39,880 [main] INFO  c.e.userservice.UserserviceApplication   :  Started UserserviceApplication in 3.252 seconds (JVM running for 3.535)
2022-08-22 08:23:25,490 [SpringApplicationShutdownHook] INFO  o.s.o.j.LocalContainerEntityManagerFactoryBean :  Closing JPA EntityManagerFactory for persistence unit 'default'
2022-08-22 08:23:25,495 [SpringApplicationShutdownHook] INFO  o.h.t.s.i.SchemaDropperImpl$DelayedDropActionImpl :  HHH000477: Starting delayed evictData of schema as part of SessionFactory shut-down'
2022-08-22 08:23:25,496 [SpringApplicationShutdownHook] DEBUG org.hibernate.SQL                        :  drop table if exists users CASCADE 
2022-08-22 08:23:25,616 [SpringApplicationShutdownHook] INFO  com.zaxxer.hikari.HikariDataSource       :  HikariPool-1 - Shutdown initiated...
2022-08-22 08:23:25,620 [SpringApplicationShutdownHook] INFO  com.zaxxer.hikari.HikariDataSource       :  HikariPool-1 - Shutdown completed.
2022-08-22 08:23:28,410 [main] INFO  c.e.userservice.UserserviceApplication   :  Starting UserserviceApplication using Java 17.0.4 on 9neals-MacBook-Pro.local with PID 15607 (/Users/9neal/Desktop/backend/spring-boot/spring-microservice-demo/userservice/build/classes/java/main started by 9neal in /Users/9neal/Desktop/backend/spring-boot/spring-microservice-demo/userservice)
2022-08-22 08:23:28,413 [main] INFO  c.e.userservice.UserserviceApplication   :  No active profile set, falling back to 1 default profile: "default"
2022-08-22 08:23:28,933 [main] INFO  o.s.d.r.c.RepositoryConfigurationDelegate :  Bootstrapping Spring Data JPA repositories in DEFAULT mode.
2022-08-22 08:23:28,950 [main] INFO  o.s.d.r.c.RepositoryConfigurationDelegate :  Finished Spring Data repository scanning in 7 ms. Found 0 JPA repository interfaces.
2022-08-22 08:23:29,445 [main] INFO  o.s.b.w.embedded.tomcat.TomcatWebServer  :  Tomcat initialized with port(s): 9091 (http)
2022-08-22 08:23:29,455 [main] INFO  org.apache.catalina.core.StandardService :  Starting service [Tomcat]
2022-08-22 08:23:29,455 [main] INFO  org.apache.catalina.core.StandardEngine  :  Starting Servlet engine: [Apache Tomcat/9.0.65]
2022-08-22 08:23:29,532 [main] INFO  o.a.c.c.C.[Tomcat].[localhost].[/]       :  Initializing Spring embedded WebApplicationContext
2022-08-22 08:23:29,533 [main] INFO  o.s.b.w.s.c.ServletWebServerApplicationContext :  Root WebApplicationContext: initialization completed in 1082 ms
2022-08-22 08:23:29,554 [main] INFO  com.zaxxer.hikari.HikariDataSource       :  HikariPool-1 - Starting...
2022-08-22 08:23:29,706 [main] INFO  com.zaxxer.hikari.HikariDataSource       :  HikariPool-1 - Start completed.
2022-08-22 08:23:29,715 [main] INFO  o.s.b.a.h2.H2ConsoleAutoConfiguration    :  H2 console available at '/console'. Database available at 'jdbc:h2:mem:testdb'
2022-08-22 08:23:29,812 [main] INFO  o.hibernate.jpa.internal.util.LogHelper  :  HHH000204: Processing PersistenceUnitInfo [name: default]
2022-08-22 08:23:29,866 [main] INFO  org.hibernate.Version                    :  HHH000412: Hibernate ORM core version 5.6.10.Final
2022-08-22 08:23:30,015 [main] INFO  org.hibernate.annotations.common.Version :  HCANN000001: Hibernate Commons Annotations {5.1.2.Final}
2022-08-22 08:23:30,116 [main] INFO  org.hibernate.dialect.Dialect            :  HHH000400: Using dialect: org.hibernate.dialect.H2Dialect
2022-08-22 08:23:30,563 [main] DEBUG org.hibernate.SQL                        :  drop table if exists users CASCADE 
2022-08-22 08:23:30,568 [main] DEBUG org.hibernate.SQL                        :  create table users (id integer generated by default as identity, password varchar(255), phone varchar(255), username varchar(255), primary key (id))
2022-08-22 08:23:30,576 [main] INFO  o.h.e.t.j.p.i.JtaPlatformInitiator       :  HHH000490: Using JtaPlatform implementation: [org.hibernate.engine.transaction.jta.platform.internal.NoJtaPlatform]
2022-08-22 08:23:30,584 [main] INFO  o.s.o.j.LocalContainerEntityManagerFactoryBean :  Initialized JPA EntityManagerFactory for persistence unit 'default'
2022-08-22 08:23:30,785 [main] WARN  o.s.b.a.o.j.JpaBaseConfiguration$JpaWebConfiguration :  spring.jpa.open-in-view is enabled by default. Therefore, database queries may be performed during view rendering. Explicitly configure spring.jpa.open-in-view to disable this warning
2022-08-22 08:23:31,057 [main] INFO  o.s.b.w.embedded.tomcat.TomcatWebServer  :  Tomcat started on port(s): 9091 (http) with context path ''
2022-08-22 08:23:31,065 [main] INFO  c.e.userservice.UserserviceApplication   :  Started UserserviceApplication in 3.15 seconds (JVM running for 3.417)
2022-08-22 08:23:37,617 [http-nio-9091-exec-2] INFO  o.a.c.c.C.[Tomcat].[localhost].[/]       :  Initializing Spring DispatcherServlet 'dispatcherServlet'
2022-08-22 08:23:37,617 [http-nio-9091-exec-2] INFO  o.s.web.servlet.DispatcherServlet        :  Initializing Servlet 'dispatcherServlet'
2022-08-22 08:23:37,619 [http-nio-9091-exec-2] INFO  o.s.web.servlet.DispatcherServlet        :  Completed initialization in 1 ms
2022-08-22 08:23:38,037 [http-nio-9091-exec-2] WARN  o.s.w.s.m.m.a.ExceptionHandlerExceptionResolver :  Failure in @ExceptionHandler com.example.userservice.core.error.CustomRestExceptionHandler#handleBusinessException(BusinessException, HttpHeaders, WebRequest)
java.lang.IllegalStateException: Could not resolve parameter [1] in protected org.springframework.http.ResponseEntity<java.lang.Object> com.example.userservice.core.error.CustomRestExceptionHandler.handleBusinessException(com.example.userservice.core.exception.BusinessException,org.springframework.http.HttpHeaders,org.springframework.web.context.request.WebRequest): No suitable resolver
	at org.springframework.web.method.support.InvocableHandlerMethod.getMethodArgumentValues(InvocableHandlerMethod.java:176)
	at org.springframework.web.method.support.InvocableHandlerMethod.invokeForRequest(InvocableHandlerMethod.java:146)
	at org.springframework.web.servlet.mvc.method.annotation.ServletInvocableHandlerMethod.invokeAndHandle(ServletInvocableHandlerMethod.java:117)
	at org.springframework.web.servlet.mvc.method.annotation.ExceptionHandlerExceptionResolver.doResolveHandlerMethodException(ExceptionHandlerExceptionResolver.java:428)
	at org.springframework.web.servlet.handler.AbstractHandlerMethodExceptionResolver.doResolveException(AbstractHandlerMethodExceptionResolver.java:75)
	at org.springframework.web.servlet.handler.AbstractHandlerExceptionResolver.resolveException(AbstractHandlerExceptionResolver.java:142)
	at org.springframework.web.servlet.handler.HandlerExceptionResolverComposite.resolveException(HandlerExceptionResolverComposite.java:80)
	at org.springframework.web.servlet.DispatcherServlet.processHandlerException(DispatcherServlet.java:1330)
	at org.springframework.web.servlet.DispatcherServlet.processDispatchResult(DispatcherServlet.java:1141)
	at org.springframework.web.servlet.DispatcherServlet.doDispatch(DispatcherServlet.java:1087)
	at org.springframework.web.servlet.DispatcherServlet.doService(DispatcherServlet.java:963)
	at org.springframework.web.servlet.FrameworkServlet.processRequest(FrameworkServlet.java:1006)
	at org.springframework.web.servlet.FrameworkServlet.doPost(FrameworkServlet.java:909)
	at javax.servlet.http.HttpServlet.service(HttpServlet.java:681)
	at org.springframework.web.servlet.FrameworkServlet.service(FrameworkServlet.java:883)
	at javax.servlet.http.HttpServlet.service(HttpServlet.java:764)
	at org.apache.catalina.core.ApplicationFilterChain.internalDoFilter(ApplicationFilterChain.java:227)
	at org.apache.catalina.core.ApplicationFilterChain.doFilter(ApplicationFilterChain.java:162)
	at org.apache.tomcat.websocket.server.WsFilter.doFilter(WsFilter.java:53)
	at org.apache.catalina.core.ApplicationFilterChain.internalDoFilter(ApplicationFilterChain.java:189)
	at org.apache.catalina.core.ApplicationFilterChain.doFilter(ApplicationFilterChain.java:162)
	at org.springframework.web.filter.RequestContextFilter.doFilterInternal(RequestContextFilter.java:100)
	at org.springframework.web.filter.OncePerRequestFilter.doFilter(OncePerRequestFilter.java:117)
	at org.apache.catalina.core.ApplicationFilterChain.internalDoFilter(ApplicationFilterChain.java:189)
	at org.apache.catalina.core.ApplicationFilterChain.doFilter(ApplicationFilterChain.java:162)
	at org.springframework.web.filter.FormContentFilter.doFilterInternal(FormContentFilter.java:93)
	at org.springframework.web.filter.OncePerRequestFilter.doFilter(OncePerRequestFilter.java:117)
	at org.apache.catalina.core.ApplicationFilterChain.internalDoFilter(ApplicationFilterChain.java:189)
	at org.apache.catalina.core.ApplicationFilterChain.doFilter(ApplicationFilterChain.java:162)
	at org.springframework.web.filter.CharacterEncodingFilter.doFilterInternal(CharacterEncodingFilter.java:201)
	at org.springframework.web.filter.OncePerRequestFilter.doFilter(OncePerRequestFilter.java:117)
	at org.apache.catalina.core.ApplicationFilterChain.internalDoFilter(ApplicationFilterChain.java:189)
	at org.apache.catalina.core.ApplicationFilterChain.doFilter(ApplicationFilterChain.java:162)
	at org.apache.catalina.core.StandardWrapperValve.invoke(StandardWrapperValve.java:197)
	at org.apache.catalina.core.StandardContextValve.invoke(StandardContextValve.java:97)
	at org.apache.catalina.authenticator.AuthenticatorBase.invoke(AuthenticatorBase.java:541)
	at org.apache.catalina.core.StandardHostValve.invoke(StandardHostValve.java:135)
	at org.apache.catalina.valves.ErrorReportValve.invoke(ErrorReportValve.java:92)
	at org.apache.catalina.core.StandardEngineValve.invoke(StandardEngineValve.java:78)
	at org.apache.catalina.connector.CoyoteAdapter.service(CoyoteAdapter.java:360)
	at org.apache.coyote.http11.Http11Processor.service(Http11Processor.java:399)
	at org.apache.coyote.AbstractProcessorLight.process(AbstractProcessorLight.java:65)
	at org.apache.coyote.AbstractProtocol$ConnectionHandler.process(AbstractProtocol.java:890)
	at org.apache.tomcat.util.net.NioEndpoint$SocketProcessor.doRun(NioEndpoint.java:1789)
	at org.apache.tomcat.util.net.SocketProcessorBase.run(SocketProcessorBase.java:49)
	at org.apache.tomcat.util.threads.ThreadPoolExecutor.runWorker(ThreadPoolExecutor.java:1191)
	at org.apache.tomcat.util.threads.ThreadPoolExecutor$Worker.run(ThreadPoolExecutor.java:659)
	at org.apache.tomcat.util.threads.TaskThread$WrappingRunnable.run(TaskThread.java:61)
	at java.base/java.lang.Thread.run(Thread.java:833)
2022-08-22 08:33:49,947 [http-nio-9091-exec-4] INFO  c.e.u.core.service.Impl.UserServiceImpl  :  Find ListByUsers: {}
2022-08-22 08:33:53,626 [http-nio-9091-exec-5] INFO  c.e.u.core.service.Impl.UserServiceImpl  :  User created successfully: UserDTO(id=1, username=sovathchean, phone=092897070, password=1232323)
2022-08-22 08:33:55,942 [http-nio-9091-exec-6] INFO  c.e.u.core.service.Impl.UserServiceImpl  :  Find ListByUsers: {}
2022-08-22 08:39:20,217 [SpringApplicationShutdownHook] INFO  o.s.o.j.LocalContainerEntityManagerFactoryBean :  Closing JPA EntityManagerFactory for persistence unit 'default'
2022-08-22 08:39:20,220 [SpringApplicationShutdownHook] INFO  o.h.t.s.i.SchemaDropperImpl$DelayedDropActionImpl :  HHH000477: Starting delayed evictData of schema as part of SessionFactory shut-down'
2022-08-22 08:39:20,221 [SpringApplicationShutdownHook] DEBUG org.hibernate.SQL                        :  drop table if exists users CASCADE 
2022-08-22 08:39:20,386 [SpringApplicationShutdownHook] INFO  com.zaxxer.hikari.HikariDataSource       :  HikariPool-1 - Shutdown initiated...
2022-08-22 08:39:20,391 [SpringApplicationShutdownHook] INFO  com.zaxxer.hikari.HikariDataSource       :  HikariPool-1 - Shutdown completed.
2022-08-22 08:39:23,855 [main] INFO  c.e.userservice.UserserviceApplication   :  Starting UserserviceApplication using Java 17.0.4 on 9neals-MacBook-Pro.local with PID 15730 (/Users/9neal/Desktop/backend/spring-boot/spring-microservice-demo/userservice/build/classes/java/main started by 9neal in /Users/9neal/Desktop/backend/spring-boot/spring-microservice-demo/userservice)
2022-08-22 08:39:23,857 [main] INFO  c.e.userservice.UserserviceApplication   :  No active profile set, falling back to 1 default profile: "default"
2022-08-22 08:39:24,400 [main] INFO  o.s.d.r.c.RepositoryConfigurationDelegate :  Bootstrapping Spring Data JPA repositories in DEFAULT mode.
2022-08-22 08:39:24,415 [main] INFO  o.s.d.r.c.RepositoryConfigurationDelegate :  Finished Spring Data repository scanning in 6 ms. Found 0 JPA repository interfaces.
2022-08-22 08:39:24,857 [main] INFO  o.s.b.w.embedded.tomcat.TomcatWebServer  :  Tomcat initialized with port(s): 9091 (http)
2022-08-22 08:39:24,864 [main] INFO  org.apache.catalina.core.StandardService :  Starting service [Tomcat]
2022-08-22 08:39:24,865 [main] INFO  org.apache.catalina.core.StandardEngine  :  Starting Servlet engine: [Apache Tomcat/9.0.65]
2022-08-22 08:39:24,933 [main] INFO  o.a.c.c.C.[Tomcat].[localhost].[/]       :  Initializing Spring embedded WebApplicationContext
2022-08-22 08:39:24,933 [main] INFO  o.s.b.w.s.c.ServletWebServerApplicationContext :  Root WebApplicationContext: initialization completed in 1032 ms
2022-08-22 08:39:24,953 [main] INFO  com.zaxxer.hikari.HikariDataSource       :  HikariPool-1 - Starting...
2022-08-22 08:39:25,105 [main] INFO  com.zaxxer.hikari.HikariDataSource       :  HikariPool-1 - Start completed.
2022-08-22 08:39:25,114 [main] INFO  o.s.b.a.h2.H2ConsoleAutoConfiguration    :  H2 console available at '/console'. Database available at 'jdbc:h2:mem:testdb'
2022-08-22 08:39:25,214 [main] INFO  o.hibernate.jpa.internal.util.LogHelper  :  HHH000204: Processing PersistenceUnitInfo [name: default]
2022-08-22 08:39:25,262 [main] INFO  org.hibernate.Version                    :  HHH000412: Hibernate ORM core version 5.6.10.Final
2022-08-22 08:39:25,425 [main] INFO  org.hibernate.annotations.common.Version :  HCANN000001: Hibernate Commons Annotations {5.1.2.Final}
2022-08-22 08:39:25,547 [main] INFO  org.hibernate.dialect.Dialect            :  HHH000400: Using dialect: org.hibernate.dialect.H2Dialect
2022-08-22 08:39:25,931 [main] INFO  o.h.e.t.j.p.i.JtaPlatformInitiator       :  HHH000490: Using JtaPlatform implementation: [org.hibernate.engine.transaction.jta.platform.internal.NoJtaPlatform]
2022-08-22 08:39:25,939 [main] INFO  o.s.o.j.LocalContainerEntityManagerFactoryBean :  Initialized JPA EntityManagerFactory for persistence unit 'default'
2022-08-22 08:39:26,103 [main] WARN  o.s.b.a.o.j.JpaBaseConfiguration$JpaWebConfiguration :  spring.jpa.open-in-view is enabled by default. Therefore, database queries may be performed during view rendering. Explicitly configure spring.jpa.open-in-view to disable this warning
2022-08-22 08:39:26,331 [main] INFO  o.s.b.w.embedded.tomcat.TomcatWebServer  :  Tomcat started on port(s): 9091 (http) with context path ''
2022-08-22 08:39:26,338 [main] INFO  c.e.userservice.UserserviceApplication   :  Started UserserviceApplication in 2.986 seconds (JVM running for 3.272)
2022-08-22 08:39:32,137 [http-nio-9091-exec-1] INFO  o.a.c.c.C.[Tomcat].[localhost].[/]       :  Initializing Spring DispatcherServlet 'dispatcherServlet'
2022-08-22 08:39:32,138 [http-nio-9091-exec-1] INFO  o.s.web.servlet.DispatcherServlet        :  Initializing Servlet 'dispatcherServlet'
2022-08-22 08:39:32,139 [http-nio-9091-exec-1] INFO  o.s.web.servlet.DispatcherServlet        :  Completed initialization in 1 ms
2022-08-22 08:39:32,299 [http-nio-9091-exec-1] INFO  c.e.u.core.service.Impl.UserServiceImpl  :  Find ListByUsers: {}
2022-08-22 08:39:32,343 [http-nio-9091-exec-1] DEBUG c.e.u.core.dao.UserDAO.findListUser      :  ==>  Preparing: Select * From Users
2022-08-22 08:39:32,377 [http-nio-9091-exec-1] DEBUG c.e.u.core.dao.UserDAO.findListUser      :  ==> Parameters: 
2022-08-22 08:39:32,412 [http-nio-9091-exec-1] DEBUG c.e.u.core.dao.UserDAO.findListUser      :  <==      Total: 0
