2022-08-24 11:20:34,945 [SpringApplicationShutdownHook] INFO  com.netflix.discovery.DiscoveryClient    :  Unregistering ...
2022-08-24 11:20:34,950 [SpringApplicationShutdownHook] INFO  com.netflix.discovery.DiscoveryClient    :  DiscoveryClient_POST-SERVICE/B1326-Sovath1.wingmoney.com:POST-SERVICE:9093 - deregister  status: 200
2022-08-24 11:20:34,954 [SpringApplicationShutdownHook] INFO  com.netflix.discovery.DiscoveryClient    :  Completed shut down of DiscoveryClient
2022-08-24 11:21:16,043 [main] INFO  c.e.postservice.PostserviceApplication   :  Starting PostserviceApplication using Java 17.0.4.1 on B1326-Sovath1 with PID 23852 (D:\backend\spring\spring-microservice-demo\postservice\postservice\build\classes\java\main started by sovath.chean in D:\backend\spring\spring-microservice-demo\postservice)
2022-08-24 11:21:16,052 [main] INFO  c.e.postservice.PostserviceApplication   :  No active profile set, falling back to 1 default profile: "default"
2022-08-24 11:21:18,334 [main] INFO  o.s.d.r.c.RepositoryConfigurationDelegate :  Bootstrapping Spring Data JPA repositories in DEFAULT mode.
2022-08-24 11:21:18,402 [main] INFO  o.s.d.r.c.RepositoryConfigurationDelegate :  Finished Spring Data repository scanning in 22 ms. Found 0 JPA repository interfaces.
2022-08-24 11:21:19,222 [main] INFO  o.s.cloud.context.scope.GenericScope     :  BeanFactory id=588c15c3-2cdc-3002-9d42-49e7af0a8cc2
2022-08-24 11:21:21,016 [main] INFO  o.s.b.w.embedded.tomcat.TomcatWebServer  :  Tomcat initialized with port(s): 9093 (http)
2022-08-24 11:21:21,062 [main] INFO  org.apache.catalina.core.StandardService :  Starting service [Tomcat]
2022-08-24 11:21:21,062 [main] INFO  org.apache.catalina.core.StandardEngine  :  Starting Servlet engine: [Apache Tomcat/9.0.65]
2022-08-24 11:21:21,490 [main] INFO  o.a.c.c.C.[Tomcat].[localhost].[/]       :  Initializing Spring embedded WebApplicationContext
2022-08-24 11:21:21,490 [main] INFO  o.s.b.w.s.c.ServletWebServerApplicationContext :  Root WebApplicationContext: initialization completed in 5345 ms
2022-08-24 11:21:21,732 [main] INFO  com.zaxxer.hikari.HikariDataSource       :  HikariPool-1 - Starting...
2022-08-24 11:21:22,806 [main] INFO  com.zaxxer.hikari.HikariDataSource       :  HikariPool-1 - Start completed.
2022-08-24 11:21:22,826 [main] INFO  o.s.b.a.h2.H2ConsoleAutoConfiguration    :  H2 console available at '/console'. Database available at 'jdbc:h2:mem:testdb'
2022-08-24 11:21:26,148 [main] INFO  o.hibernate.jpa.internal.util.LogHelper  :  HHH000204: Processing PersistenceUnitInfo [name: default]
2022-08-24 11:21:26,362 [main] INFO  org.hibernate.Version                    :  HHH000412: Hibernate ORM core version 5.6.10.Final
2022-08-24 11:21:26,785 [main] INFO  org.hibernate.annotations.common.Version :  HCANN000001: Hibernate Commons Annotations {5.1.2.Final}
2022-08-24 11:21:26,904 [main] INFO  c.e.postservice.PostserviceApplication   :  Starting PostserviceApplication using Java 17.0.4.1 on B1326-Sovath1 with PID 11032 (D:\backend\spring\spring-microservice-demo\postservice\postservice\build\classes\java\main started by sovath.chean in D:\backend\spring\spring-microservice-demo\postservice)
2022-08-24 11:21:26,907 [main] INFO  c.e.postservice.PostserviceApplication   :  No active profile set, falling back to 1 default profile: "default"
2022-08-24 11:21:27,190 [main] INFO  org.hibernate.dialect.Dialect            :  HHH000400: Using dialect: org.hibernate.dialect.H2Dialect
2022-08-24 11:21:29,435 [main] INFO  o.s.d.r.c.RepositoryConfigurationDelegate :  Bootstrapping Spring Data JPA repositories in DEFAULT mode.
2022-08-24 11:21:29,484 [main] INFO  o.s.d.r.c.RepositoryConfigurationDelegate :  Finished Spring Data repository scanning in 27 ms. Found 0 JPA repository interfaces.
2022-08-24 11:21:29,846 [main] INFO  o.h.e.t.j.p.i.JtaPlatformInitiator       :  HHH000490: Using JtaPlatform implementation: [org.hibernate.engine.transaction.jta.platform.internal.NoJtaPlatform]
2022-08-24 11:21:29,860 [main] INFO  o.s.o.j.LocalContainerEntityManagerFactoryBean :  Initialized JPA EntityManagerFactory for persistence unit 'default'
2022-08-24 11:21:30,723 [main] WARN  o.s.b.a.o.j.JpaBaseConfiguration$JpaWebConfiguration :  spring.jpa.open-in-view is enabled by default. Therefore, database queries may be performed during view rendering. Explicitly configure spring.jpa.open-in-view to disable this warning
2022-08-24 11:21:31,465 [main] INFO  o.s.cloud.context.scope.GenericScope     :  BeanFactory id=588c15c3-2cdc-3002-9d42-49e7af0a8cc2
2022-08-24 11:21:35,187 [main] INFO  o.s.b.w.embedded.tomcat.TomcatWebServer  :  Tomcat initialized with port(s): 9094 (http)
2022-08-24 11:21:35,211 [main] INFO  org.apache.catalina.core.StandardService :  Starting service [Tomcat]
2022-08-24 11:21:35,211 [main] INFO  org.apache.catalina.core.StandardEngine  :  Starting Servlet engine: [Apache Tomcat/9.0.65]
2022-08-24 11:21:35,386 [main] INFO  o.s.c.n.e.c.DiscoveryClientOptionalArgsConfiguration :  Eureka HTTP Client uses RestTemplate.
2022-08-24 11:21:35,823 [main] INFO  o.a.c.c.C.[Tomcat].[localhost].[/]       :  Initializing Spring embedded WebApplicationContext
2022-08-24 11:21:35,824 [main] INFO  o.s.b.w.s.c.ServletWebServerApplicationContext :  Root WebApplicationContext: initialization completed in 8728 ms
2022-08-24 11:21:35,947 [main] INFO  com.zaxxer.hikari.HikariDataSource       :  HikariPool-1 - Starting...
2022-08-24 11:21:36,733 [main] INFO  com.zaxxer.hikari.HikariDataSource       :  HikariPool-1 - Start completed.
2022-08-24 11:21:36,783 [main] INFO  o.s.b.a.h2.H2ConsoleAutoConfiguration    :  H2 console available at '/console'. Database available at 'jdbc:h2:mem:testdb'
2022-08-24 11:21:36,945 [main] WARN  o.s.c.l.c.LoadBalancerCacheAutoConfiguration$LoadBalancerCaffeineWarnLogger :  Spring Cloud LoadBalancer is currently working with the default cache. While this cache implementation is useful for development and tests, it's recommended to use Caffeine cache in production.You can switch to using Caffeine cache, by adding it and org.springframework.cache.caffeine.CaffeineCacheManager to the classpath.
2022-08-24 11:21:37,147 [main] INFO  o.s.c.netflix.eureka.InstanceInfoFactory :  Setting initial instance status as: STARTING
2022-08-24 11:21:37,311 [main] INFO  com.netflix.discovery.DiscoveryClient    :  Initializing Eureka in region us-east-1
2022-08-24 11:21:37,318 [main] INFO  c.n.d.s.r.aws.ConfigClusterResolver      :  Resolving eureka endpoints via configuration
2022-08-24 11:21:37,356 [main] INFO  com.netflix.discovery.DiscoveryClient    :  Disable delta property : false
2022-08-24 11:21:37,357 [main] INFO  com.netflix.discovery.DiscoveryClient    :  Single vip registry refresh property : null
2022-08-24 11:21:37,357 [main] INFO  com.netflix.discovery.DiscoveryClient    :  Force full registry fetch : false
2022-08-24 11:21:37,357 [main] INFO  com.netflix.discovery.DiscoveryClient    :  Application is null : false
2022-08-24 11:21:37,358 [main] INFO  com.netflix.discovery.DiscoveryClient    :  Registered Applications size is zero : true
2022-08-24 11:21:37,358 [main] INFO  com.netflix.discovery.DiscoveryClient    :  Application version is -1: true
2022-08-24 11:21:37,358 [main] INFO  com.netflix.discovery.DiscoveryClient    :  Getting all instance registry info from the eureka server
2022-08-24 11:21:38,062 [main] INFO  o.hibernate.jpa.internal.util.LogHelper  :  HHH000204: Processing PersistenceUnitInfo [name: default]
2022-08-24 11:21:38,065 [main] INFO  com.netflix.discovery.DiscoveryClient    :  The response status is 200
2022-08-24 11:21:38,072 [main] INFO  com.netflix.discovery.DiscoveryClient    :  Starting heartbeat executor: renew interval is: 30
2022-08-24 11:21:38,076 [main] INFO  c.n.discovery.InstanceInfoReplicator     :  InstanceInfoReplicator onDemand update allowed rate per min is 4
2022-08-24 11:21:38,082 [main] INFO  com.netflix.discovery.DiscoveryClient    :  Discovery Client initialized at timestamp 1661314898081 with initial instances count: 3
2022-08-24 11:21:38,094 [main] INFO  o.s.c.n.e.s.EurekaServiceRegistry        :  Registering application POST-SERVICE with eureka with status UP
2022-08-24 11:21:38,095 [main] INFO  com.netflix.discovery.DiscoveryClient    :  Saw local status change event StatusChangeEvent [timestamp=1661314898095, current=UP, previous=STARTING]
2022-08-24 11:21:38,100 [DiscoveryClient-InstanceInfoReplicator-0] INFO  com.netflix.discovery.DiscoveryClient    :  DiscoveryClient_POST-SERVICE/B1326-Sovath1.wingmoney.com:POST-SERVICE:9093: registering service...
2022-08-24 11:21:38,176 [main] INFO  o.s.b.w.embedded.tomcat.TomcatWebServer  :  Tomcat started on port(s): 9093 (http) with context path ''
2022-08-24 11:21:38,178 [main] INFO  o.s.c.n.e.s.EurekaAutoServiceRegistration :  Updating port to 9093
2022-08-24 11:21:38,199 [main] INFO  org.hibernate.Version                    :  HHH000412: Hibernate ORM core version 5.6.10.Final
2022-08-24 11:21:38,221 [DiscoveryClient-InstanceInfoReplicator-0] INFO  com.netflix.discovery.DiscoveryClient    :  DiscoveryClient_POST-SERVICE/B1326-Sovath1.wingmoney.com:POST-SERVICE:9093 - registration status: 204
2022-08-24 11:21:38,625 [main] INFO  org.hibernate.annotations.common.Version :  HCANN000001: Hibernate Commons Annotations {5.1.2.Final}
2022-08-24 11:21:38,640 [main] INFO  c.e.postservice.PostserviceApplication   :  Started PostserviceApplication in 24.007 seconds (JVM running for 25.671)
2022-08-24 11:21:38,859 [main] INFO  org.hibernate.dialect.Dialect            :  HHH000400: Using dialect: org.hibernate.dialect.H2Dialect
2022-08-24 11:21:39,770 [main] INFO  o.h.e.t.j.p.i.JtaPlatformInitiator       :  HHH000490: Using JtaPlatform implementation: [org.hibernate.engine.transaction.jta.platform.internal.NoJtaPlatform]
2022-08-24 11:21:39,787 [main] INFO  o.s.o.j.LocalContainerEntityManagerFactoryBean :  Initialized JPA EntityManagerFactory for persistence unit 'default'
2022-08-24 11:21:40,824 [main] WARN  o.s.b.a.o.j.JpaBaseConfiguration$JpaWebConfiguration :  spring.jpa.open-in-view is enabled by default. Therefore, database queries may be performed during view rendering. Explicitly configure spring.jpa.open-in-view to disable this warning
2022-08-24 11:21:44,564 [main] INFO  o.s.c.n.e.c.DiscoveryClientOptionalArgsConfiguration :  Eureka HTTP Client uses RestTemplate.
2022-08-24 11:21:45,605 [main] WARN  o.s.c.l.c.LoadBalancerCacheAutoConfiguration$LoadBalancerCaffeineWarnLogger :  Spring Cloud LoadBalancer is currently working with the default cache. While this cache implementation is useful for development and tests, it's recommended to use Caffeine cache in production.You can switch to using Caffeine cache, by adding it and org.springframework.cache.caffeine.CaffeineCacheManager to the classpath.
2022-08-24 11:21:45,821 [main] INFO  o.s.c.netflix.eureka.InstanceInfoFactory :  Setting initial instance status as: STARTING
2022-08-24 11:21:46,026 [main] INFO  com.netflix.discovery.DiscoveryClient    :  Initializing Eureka in region us-east-1
2022-08-24 11:21:46,033 [main] INFO  c.n.d.s.r.aws.ConfigClusterResolver      :  Resolving eureka endpoints via configuration
2022-08-24 11:21:46,082 [main] INFO  com.netflix.discovery.DiscoveryClient    :  Disable delta property : false
2022-08-24 11:21:46,083 [main] INFO  com.netflix.discovery.DiscoveryClient    :  Single vip registry refresh property : null
2022-08-24 11:21:46,083 [main] INFO  com.netflix.discovery.DiscoveryClient    :  Force full registry fetch : false
2022-08-24 11:21:46,084 [main] INFO  com.netflix.discovery.DiscoveryClient    :  Application is null : false
2022-08-24 11:21:46,084 [main] INFO  com.netflix.discovery.DiscoveryClient    :  Registered Applications size is zero : true
2022-08-24 11:21:46,084 [main] INFO  com.netflix.discovery.DiscoveryClient    :  Application version is -1: true
2022-08-24 11:21:46,084 [main] INFO  com.netflix.discovery.DiscoveryClient    :  Getting all instance registry info from the eureka server
2022-08-24 11:21:46,714 [main] INFO  com.netflix.discovery.DiscoveryClient    :  The response status is 200
2022-08-24 11:21:46,719 [main] INFO  com.netflix.discovery.DiscoveryClient    :  Starting heartbeat executor: renew interval is: 30
2022-08-24 11:21:46,723 [main] INFO  c.n.discovery.InstanceInfoReplicator     :  InstanceInfoReplicator onDemand update allowed rate per min is 4
2022-08-24 11:21:46,730 [main] INFO  com.netflix.discovery.DiscoveryClient    :  Discovery Client initialized at timestamp 1661314906728 with initial instances count: 3
2022-08-24 11:21:46,743 [main] INFO  o.s.c.n.e.s.EurekaServiceRegistry        :  Registering application POST-SERVICE with eureka with status UP
2022-08-24 11:21:46,747 [main] INFO  com.netflix.discovery.DiscoveryClient    :  Saw local status change event StatusChangeEvent [timestamp=1661314906747, current=UP, previous=STARTING]
2022-08-24 11:21:46,779 [DiscoveryClient-InstanceInfoReplicator-0] INFO  com.netflix.discovery.DiscoveryClient    :  DiscoveryClient_POST-SERVICE/B1326-Sovath1.wingmoney.com:POST-SERVICE:9094: registering service...
2022-08-24 11:21:46,891 [main] INFO  o.s.b.w.embedded.tomcat.TomcatWebServer  :  Tomcat started on port(s): 9094 (http) with context path ''
2022-08-24 11:21:46,896 [main] INFO  o.s.c.n.e.s.EurekaAutoServiceRegistration :  Updating port to 9094
2022-08-24 11:21:47,105 [DiscoveryClient-InstanceInfoReplicator-0] INFO  com.netflix.discovery.DiscoveryClient    :  DiscoveryClient_POST-SERVICE/B1326-Sovath1.wingmoney.com:POST-SERVICE:9094 - registration status: 204
2022-08-24 11:21:47,665 [main] INFO  c.e.postservice.PostserviceApplication   :  Started PostserviceApplication in 24.822 seconds (JVM running for 26.885)
2022-08-24 11:26:37,374 [AsyncResolver-bootstrap-executor-0] INFO  c.n.d.s.r.aws.ConfigClusterResolver      :  Resolving eureka endpoints via configuration
2022-08-24 11:26:46,092 [AsyncResolver-bootstrap-executor-0] INFO  c.n.d.s.r.aws.ConfigClusterResolver      :  Resolving eureka endpoints via configuration
2022-08-24 11:28:26,074 [Thread-3] INFO  o.s.c.s.a.z.ZipkinAutoConfiguration      :  Flushing remaining spans on shutdown
2022-08-24 11:28:26,076 [SpringApplicationShutdownHook] INFO  o.s.c.n.e.s.EurekaServiceRegistry        :  Unregistering application POST-SERVICE with eureka with status DOWN
2022-08-24 11:28:26,076 [SpringApplicationShutdownHook] INFO  com.netflix.discovery.DiscoveryClient    :  Saw local status change event StatusChangeEvent [timestamp=1661315306076, current=DOWN, previous=UP]
2022-08-24 11:28:26,076 [DiscoveryClient-InstanceInfoReplicator-0] INFO  com.netflix.discovery.DiscoveryClient    :  DiscoveryClient_POST-SERVICE/B1326-Sovath1.wingmoney.com:POST-SERVICE:9093: registering service...
2022-08-24 11:28:26,082 [DiscoveryClient-InstanceInfoReplicator-0] INFO  com.netflix.discovery.DiscoveryClient    :  DiscoveryClient_POST-SERVICE/B1326-Sovath1.wingmoney.com:POST-SERVICE:9093 - registration status: 204
2022-08-24 11:28:26,098 [SpringApplicationShutdownHook] INFO  o.s.o.j.LocalContainerEntityManagerFactoryBean :  Closing JPA EntityManagerFactory for persistence unit 'default'
2022-08-24 11:28:26,099 [SpringApplicationShutdownHook] INFO  o.h.t.s.i.SchemaDropperImpl$DelayedDropActionImpl :  HHH000477: Starting delayed evictData of schema as part of SessionFactory shut-down'
2022-08-24 11:28:26,164 [Thread-3] INFO  o.s.c.s.a.z.ZipkinAutoConfiguration      :  Flushing remaining spans on shutdown
2022-08-24 11:28:26,166 [SpringApplicationShutdownHook] INFO  o.s.c.n.e.s.EurekaServiceRegistry        :  Unregistering application POST-SERVICE with eureka with status DOWN
2022-08-24 11:28:26,166 [SpringApplicationShutdownHook] INFO  com.netflix.discovery.DiscoveryClient    :  Saw local status change event StatusChangeEvent [timestamp=1661315306166, current=DOWN, previous=UP]
2022-08-24 11:28:26,166 [DiscoveryClient-InstanceInfoReplicator-0] INFO  com.netflix.discovery.DiscoveryClient    :  DiscoveryClient_POST-SERVICE/B1326-Sovath1.wingmoney.com:POST-SERVICE:9094: registering service...
2022-08-24 11:28:26,170 [DiscoveryClient-InstanceInfoReplicator-0] INFO  com.netflix.discovery.DiscoveryClient    :  DiscoveryClient_POST-SERVICE/B1326-Sovath1.wingmoney.com:POST-SERVICE:9094 - registration status: 204
2022-08-24 11:28:26,189 [SpringApplicationShutdownHook] INFO  o.s.o.j.LocalContainerEntityManagerFactoryBean :  Closing JPA EntityManagerFactory for persistence unit 'default'
2022-08-24 11:28:26,190 [SpringApplicationShutdownHook] INFO  o.h.t.s.i.SchemaDropperImpl$DelayedDropActionImpl :  HHH000477: Starting delayed evictData of schema as part of SessionFactory shut-down'
2022-08-24 11:28:27,296 [SpringApplicationShutdownHook] INFO  com.zaxxer.hikari.HikariDataSource       :  HikariPool-1 - Shutdown initiated...
2022-08-24 11:28:27,300 [SpringApplicationShutdownHook] INFO  com.zaxxer.hikari.HikariDataSource       :  HikariPool-1 - Shutdown completed.
2022-08-24 11:28:27,301 [SpringApplicationShutdownHook] INFO  com.netflix.discovery.DiscoveryClient    :  Shutting down DiscoveryClient ...
2022-08-24 11:28:27,390 [SpringApplicationShutdownHook] INFO  com.zaxxer.hikari.HikariDataSource       :  HikariPool-1 - Shutdown initiated...
2022-08-24 11:28:27,393 [SpringApplicationShutdownHook] INFO  com.zaxxer.hikari.HikariDataSource       :  HikariPool-1 - Shutdown completed.
2022-08-24 11:28:27,394 [SpringApplicationShutdownHook] INFO  com.netflix.discovery.DiscoveryClient    :  Shutting down DiscoveryClient ...
2022-08-24 11:28:30,312 [SpringApplicationShutdownHook] INFO  com.netflix.discovery.DiscoveryClient    :  Unregistering ...
2022-08-24 11:28:30,318 [SpringApplicationShutdownHook] INFO  com.netflix.discovery.DiscoveryClient    :  DiscoveryClient_POST-SERVICE/B1326-Sovath1.wingmoney.com:POST-SERVICE:9093 - deregister  status: 200
2022-08-24 11:28:30,322 [SpringApplicationShutdownHook] INFO  com.netflix.discovery.DiscoveryClient    :  Completed shut down of DiscoveryClient
2022-08-24 11:28:30,405 [SpringApplicationShutdownHook] INFO  com.netflix.discovery.DiscoveryClient    :  Unregistering ...
2022-08-24 11:28:30,410 [SpringApplicationShutdownHook] INFO  com.netflix.discovery.DiscoveryClient    :  DiscoveryClient_POST-SERVICE/B1326-Sovath1.wingmoney.com:POST-SERVICE:9094 - deregister  status: 200
2022-08-24 11:28:30,412 [SpringApplicationShutdownHook] INFO  com.netflix.discovery.DiscoveryClient    :  Completed shut down of DiscoveryClient
2022-08-24 11:29:20,803 [main] INFO  c.e.postservice.PostserviceApplication   :  Starting PostserviceApplication using Java 17.0.4.1 on B1326-Sovath1 with PID 25740 (D:\backend\spring\spring-microservice-demo\postservice\postservice\build\classes\java\main started by sovath.chean in D:\backend\spring\spring-microservice-demo\postservice)
2022-08-24 11:29:20,812 [main] INFO  c.e.postservice.PostserviceApplication   :  No active profile set, falling back to 1 default profile: "default"
2022-08-24 11:29:24,655 [main] INFO  o.s.d.r.c.RepositoryConfigurationDelegate :  Bootstrapping Spring Data JPA repositories in DEFAULT mode.
2022-08-24 11:29:24,708 [main] INFO  o.s.d.r.c.RepositoryConfigurationDelegate :  Finished Spring Data repository scanning in 18 ms. Found 0 JPA repository interfaces.
2022-08-24 11:29:25,972 [main] INFO  o.s.cloud.context.scope.GenericScope     :  BeanFactory id=588c15c3-2cdc-3002-9d42-49e7af0a8cc2
2022-08-24 11:29:27,820 [main] INFO  o.s.b.w.embedded.tomcat.TomcatWebServer  :  Tomcat initialized with port(s): 9093 (http)
2022-08-24 11:29:27,844 [main] INFO  org.apache.catalina.core.StandardService :  Starting service [Tomcat]
2022-08-24 11:29:27,845 [main] INFO  org.apache.catalina.core.StandardEngine  :  Starting Servlet engine: [Apache Tomcat/9.0.65]
2022-08-24 11:29:28,561 [main] INFO  o.a.c.c.C.[Tomcat].[localhost].[/]       :  Initializing Spring embedded WebApplicationContext
2022-08-24 11:29:28,562 [main] INFO  o.s.b.w.s.c.ServletWebServerApplicationContext :  Root WebApplicationContext: initialization completed in 7663 ms
2022-08-24 11:29:28,783 [main] INFO  com.zaxxer.hikari.HikariDataSource       :  HikariPool-1 - Starting...
2022-08-24 11:29:29,157 [main] INFO  com.zaxxer.hikari.HikariDataSource       :  HikariPool-1 - Start completed.
2022-08-24 11:29:29,182 [main] INFO  o.s.b.a.h2.H2ConsoleAutoConfiguration    :  H2 console available at '/console'. Database available at 'jdbc:h2:mem:testdb'
2022-08-24 11:29:30,370 [main] INFO  o.hibernate.jpa.internal.util.LogHelper  :  HHH000204: Processing PersistenceUnitInfo [name: default]
2022-08-24 11:29:30,493 [main] INFO  org.hibernate.Version                    :  HHH000412: Hibernate ORM core version 5.6.10.Final
2022-08-24 11:29:30,833 [main] INFO  org.hibernate.annotations.common.Version :  HCANN000001: Hibernate Commons Annotations {5.1.2.Final}
2022-08-24 11:29:31,019 [main] INFO  org.hibernate.dialect.Dialect            :  HHH000400: Using dialect: org.hibernate.dialect.H2Dialect
2022-08-24 11:29:32,236 [main] INFO  o.h.e.t.j.p.i.JtaPlatformInitiator       :  HHH000490: Using JtaPlatform implementation: [org.hibernate.engine.transaction.jta.platform.internal.NoJtaPlatform]
2022-08-24 11:29:32,246 [main] INFO  o.s.o.j.LocalContainerEntityManagerFactoryBean :  Initialized JPA EntityManagerFactory for persistence unit 'default'
2022-08-24 11:29:33,108 [main] WARN  o.s.b.a.o.j.JpaBaseConfiguration$JpaWebConfiguration :  spring.jpa.open-in-view is enabled by default. Therefore, database queries may be performed during view rendering. Explicitly configure spring.jpa.open-in-view to disable this warning
2022-08-24 11:29:37,204 [main] INFO  c.e.postservice.PostserviceApplication   :  Starting PostserviceApplication using Java 17.0.4.1 on B1326-Sovath1 with PID 18584 (D:\backend\spring\spring-microservice-demo\postservice\postservice\build\classes\java\main started by sovath.chean in D:\backend\spring\spring-microservice-demo\postservice)
2022-08-24 11:29:37,209 [main] INFO  c.e.postservice.PostserviceApplication   :  No active profile set, falling back to 1 default profile: "default"
2022-08-24 11:29:37,377 [main] INFO  o.s.c.n.e.c.DiscoveryClientOptionalArgsConfiguration :  Eureka HTTP Client uses RestTemplate.
2022-08-24 11:29:39,342 [main] WARN  o.s.c.l.c.LoadBalancerCacheAutoConfiguration$LoadBalancerCaffeineWarnLogger :  Spring Cloud LoadBalancer is currently working with the default cache. While this cache implementation is useful for development and tests, it's recommended to use Caffeine cache in production.You can switch to using Caffeine cache, by adding it and org.springframework.cache.caffeine.CaffeineCacheManager to the classpath.
2022-08-24 11:29:39,456 [main] INFO  o.s.c.netflix.eureka.InstanceInfoFactory :  Setting initial instance status as: STARTING
2022-08-24 11:29:39,653 [main] INFO  com.netflix.discovery.DiscoveryClient    :  Initializing Eureka in region us-east-1
2022-08-24 11:29:39,667 [main] INFO  c.n.d.s.r.aws.ConfigClusterResolver      :  Resolving eureka endpoints via configuration
2022-08-24 11:29:39,704 [main] INFO  com.netflix.discovery.DiscoveryClient    :  Disable delta property : false
2022-08-24 11:29:39,704 [main] INFO  com.netflix.discovery.DiscoveryClient    :  Single vip registry refresh property : null
2022-08-24 11:29:39,704 [main] INFO  com.netflix.discovery.DiscoveryClient    :  Force full registry fetch : false
2022-08-24 11:29:39,704 [main] INFO  com.netflix.discovery.DiscoveryClient    :  Application is null : false
2022-08-24 11:29:39,704 [main] INFO  com.netflix.discovery.DiscoveryClient    :  Registered Applications size is zero : true
2022-08-24 11:29:39,705 [main] INFO  com.netflix.discovery.DiscoveryClient    :  Application version is -1: true
2022-08-24 11:29:39,705 [main] INFO  com.netflix.discovery.DiscoveryClient    :  Getting all instance registry info from the eureka server
2022-08-24 11:29:39,895 [main] INFO  o.s.d.r.c.RepositoryConfigurationDelegate :  Bootstrapping Spring Data JPA repositories in DEFAULT mode.
2022-08-24 11:29:39,929 [main] INFO  o.s.d.r.c.RepositoryConfigurationDelegate :  Finished Spring Data repository scanning in 17 ms. Found 0 JPA repository interfaces.
2022-08-24 11:29:40,492 [main] INFO  com.netflix.discovery.DiscoveryClient    :  The response status is 200
2022-08-24 11:29:40,501 [main] INFO  com.netflix.discovery.DiscoveryClient    :  Starting heartbeat executor: renew interval is: 30
2022-08-24 11:29:40,506 [main] INFO  c.n.discovery.InstanceInfoReplicator     :  InstanceInfoReplicator onDemand update allowed rate per min is 4
2022-08-24 11:29:40,514 [main] INFO  com.netflix.discovery.DiscoveryClient    :  Discovery Client initialized at timestamp 1661315380513 with initial instances count: 2
2022-08-24 11:29:40,533 [main] INFO  o.s.c.n.e.s.EurekaServiceRegistry        :  Registering application POST-SERVICE with eureka with status UP
2022-08-24 11:29:40,534 [main] INFO  com.netflix.discovery.DiscoveryClient    :  Saw local status change event StatusChangeEvent [timestamp=1661315380534, current=UP, previous=STARTING]
2022-08-24 11:29:40,584 [main] INFO  o.s.b.w.embedded.tomcat.TomcatWebServer  :  Tomcat started on port(s): 9093 (http) with context path ''
2022-08-24 11:29:40,585 [main] INFO  o.s.c.n.e.s.EurekaAutoServiceRegistration :  Updating port to 9093
2022-08-24 11:29:40,585 [DiscoveryClient-InstanceInfoReplicator-0] INFO  com.netflix.discovery.DiscoveryClient    :  DiscoveryClient_POST-SERVICE/B1326-Sovath1.wingmoney.com:POST-SERVICE:9093: registering service...
2022-08-24 11:29:40,676 [DiscoveryClient-InstanceInfoReplicator-0] INFO  com.netflix.discovery.DiscoveryClient    :  DiscoveryClient_POST-SERVICE/B1326-Sovath1.wingmoney.com:POST-SERVICE:9093 - registration status: 204
2022-08-24 11:29:40,919 [main] INFO  o.s.cloud.context.scope.GenericScope     :  BeanFactory id=588c15c3-2cdc-3002-9d42-49e7af0a8cc2
2022-08-24 11:29:41,110 [main] INFO  c.e.postservice.PostserviceApplication   :  Started PostserviceApplication in 22.238 seconds (JVM running for 24.38)
2022-08-24 11:29:42,132 [main] INFO  c.e.postservice.PostserviceApplication   :  Starting PostserviceApplication using Java 17.0.4.1 on B1326-Sovath1 with PID 18864 (D:\backend\spring\spring-microservice-demo\postservice\postservice\build\classes\java\main started by sovath.chean in D:\backend\spring\spring-microservice-demo\postservice)
2022-08-24 11:29:42,137 [main] INFO  c.e.postservice.PostserviceApplication   :  No active profile set, falling back to 1 default profile: "default"
2022-08-24 11:29:42,660 [main] INFO  o.s.b.w.embedded.tomcat.TomcatWebServer  :  Tomcat initialized with port(s): 9093 (http)
2022-08-24 11:29:42,675 [main] INFO  org.apache.catalina.core.StandardService :  Starting service [Tomcat]
2022-08-24 11:29:42,675 [main] INFO  org.apache.catalina.core.StandardEngine  :  Starting Servlet engine: [Apache Tomcat/9.0.65]
2022-08-24 11:29:43,013 [main] INFO  o.a.c.c.C.[Tomcat].[localhost].[/]       :  Initializing Spring embedded WebApplicationContext
2022-08-24 11:29:43,014 [main] INFO  o.s.b.w.s.c.ServletWebServerApplicationContext :  Root WebApplicationContext: initialization completed in 5206 ms
2022-08-24 11:29:43,074 [main] INFO  com.zaxxer.hikari.HikariDataSource       :  HikariPool-1 - Starting...
2022-08-24 11:29:43,434 [main] INFO  com.zaxxer.hikari.HikariDataSource       :  HikariPool-1 - Start completed.
2022-08-24 11:29:43,488 [main] INFO  o.s.b.a.h2.H2ConsoleAutoConfiguration    :  H2 console available at '/console'. Database available at 'jdbc:h2:mem:testdb'
2022-08-24 11:29:43,861 [main] INFO  o.s.d.r.c.RepositoryConfigurationDelegate :  Bootstrapping Spring Data JPA repositories in DEFAULT mode.
2022-08-24 11:29:43,940 [main] INFO  o.s.d.r.c.RepositoryConfigurationDelegate :  Finished Spring Data repository scanning in 16 ms. Found 0 JPA repository interfaces.
2022-08-24 11:29:45,148 [main] INFO  o.hibernate.jpa.internal.util.LogHelper  :  HHH000204: Processing PersistenceUnitInfo [name: default]
2022-08-24 11:29:45,204 [main] INFO  o.s.cloud.context.scope.GenericScope     :  BeanFactory id=588c15c3-2cdc-3002-9d42-49e7af0a8cc2
2022-08-24 11:29:45,280 [main] INFO  org.hibernate.Version                    :  HHH000412: Hibernate ORM core version 5.6.10.Final
2022-08-24 11:29:45,762 [main] INFO  org.hibernate.annotations.common.Version :  HCANN000001: Hibernate Commons Annotations {5.1.2.Final}
2022-08-24 11:29:45,967 [main] INFO  org.hibernate.dialect.Dialect            :  HHH000400: Using dialect: org.hibernate.dialect.H2Dialect
2022-08-24 11:29:46,607 [main] INFO  c.e.postservice.PostserviceApplication   :  Starting PostserviceApplication using Java 17.0.4.1 on B1326-Sovath1 with PID 15952 (D:\backend\spring\spring-microservice-demo\postservice\postservice\build\classes\java\main started by sovath.chean in D:\backend\spring\spring-microservice-demo\postservice)
2022-08-24 11:29:46,612 [main] INFO  c.e.postservice.PostserviceApplication   :  No active profile set, falling back to 1 default profile: "default"
2022-08-24 11:29:47,062 [main] INFO  o.s.b.w.embedded.tomcat.TomcatWebServer  :  Tomcat initialized with port(s): 9094 (http)
2022-08-24 11:29:47,076 [main] INFO  org.apache.catalina.core.StandardService :  Starting service [Tomcat]
2022-08-24 11:29:47,076 [main] INFO  org.apache.catalina.core.StandardEngine  :  Starting Servlet engine: [Apache Tomcat/9.0.65]
2022-08-24 11:29:47,325 [main] INFO  o.h.e.t.j.p.i.JtaPlatformInitiator       :  HHH000490: Using JtaPlatform implementation: [org.hibernate.engine.transaction.jta.platform.internal.NoJtaPlatform]
2022-08-24 11:29:47,344 [main] INFO  o.s.o.j.LocalContainerEntityManagerFactoryBean :  Initialized JPA EntityManagerFactory for persistence unit 'default'
2022-08-24 11:29:47,645 [main] INFO  o.a.c.c.C.[Tomcat].[localhost].[/]       :  Initializing Spring embedded WebApplicationContext
2022-08-24 11:29:47,645 [main] INFO  o.s.b.w.s.c.ServletWebServerApplicationContext :  Root WebApplicationContext: initialization completed in 5401 ms
2022-08-24 11:29:47,890 [main] INFO  com.zaxxer.hikari.HikariDataSource       :  HikariPool-1 - Starting...
2022-08-24 11:29:48,480 [main] INFO  com.zaxxer.hikari.HikariDataSource       :  HikariPool-1 - Start completed.
2022-08-24 11:29:48,503 [main] INFO  o.s.b.a.h2.H2ConsoleAutoConfiguration    :  H2 console available at '/console'. Database available at 'jdbc:h2:mem:testdb'
2022-08-24 11:29:48,854 [main] WARN  o.s.b.a.o.j.JpaBaseConfiguration$JpaWebConfiguration :  spring.jpa.open-in-view is enabled by default. Therefore, database queries may be performed during view rendering. Explicitly configure spring.jpa.open-in-view to disable this warning
2022-08-24 11:29:49,757 [main] INFO  o.s.d.r.c.RepositoryConfigurationDelegate :  Bootstrapping Spring Data JPA repositories in DEFAULT mode.
2022-08-24 11:29:49,820 [main] INFO  o.s.d.r.c.RepositoryConfigurationDelegate :  Finished Spring Data repository scanning in 16 ms. Found 0 JPA repository interfaces.
2022-08-24 11:29:50,838 [main] INFO  o.hibernate.jpa.internal.util.LogHelper  :  HHH000204: Processing PersistenceUnitInfo [name: default]
2022-08-24 11:29:51,165 [main] INFO  org.hibernate.Version                    :  HHH000412: Hibernate ORM core version 5.6.10.Final
2022-08-24 11:29:51,522 [main] INFO  o.s.cloud.context.scope.GenericScope     :  BeanFactory id=588c15c3-2cdc-3002-9d42-49e7af0a8cc2
2022-08-24 11:29:51,584 [main] INFO  org.hibernate.annotations.common.Version :  HCANN000001: Hibernate Commons Annotations {5.1.2.Final}
2022-08-24 11:29:52,099 [main] INFO  org.hibernate.dialect.Dialect            :  HHH000400: Using dialect: org.hibernate.dialect.H2Dialect
2022-08-24 11:29:54,826 [main] INFO  o.h.e.t.j.p.i.JtaPlatformInitiator       :  HHH000490: Using JtaPlatform implementation: [org.hibernate.engine.transaction.jta.platform.internal.NoJtaPlatform]
2022-08-24 11:29:54,841 [main] INFO  o.s.o.j.LocalContainerEntityManagerFactoryBean :  Initialized JPA EntityManagerFactory for persistence unit 'default'
2022-08-24 11:29:55,264 [main] INFO  o.s.b.w.embedded.tomcat.TomcatWebServer  :  Tomcat initialized with port(s): 9094 (http)
2022-08-24 11:29:55,279 [main] INFO  org.apache.catalina.core.StandardService :  Starting service [Tomcat]
2022-08-24 11:29:55,279 [main] INFO  org.apache.catalina.core.StandardEngine  :  Starting Servlet engine: [Apache Tomcat/9.0.65]
2022-08-24 11:29:55,533 [main] INFO  o.s.c.n.e.c.DiscoveryClientOptionalArgsConfiguration :  Eureka HTTP Client uses RestTemplate.
2022-08-24 11:29:55,795 [main] INFO  o.a.c.c.C.[Tomcat].[localhost].[/]       :  Initializing Spring embedded WebApplicationContext
2022-08-24 11:29:55,796 [main] INFO  o.s.b.w.s.c.ServletWebServerApplicationContext :  Root WebApplicationContext: initialization completed in 9095 ms
2022-08-24 11:29:55,888 [main] INFO  com.zaxxer.hikari.HikariDataSource       :  HikariPool-1 - Starting...
2022-08-24 11:29:56,043 [main] WARN  o.s.b.a.o.j.JpaBaseConfiguration$JpaWebConfiguration :  spring.jpa.open-in-view is enabled by default. Therefore, database queries may be performed during view rendering. Explicitly configure spring.jpa.open-in-view to disable this warning
2022-08-24 11:29:56,611 [main] INFO  com.zaxxer.hikari.HikariDataSource       :  HikariPool-1 - Start completed.
2022-08-24 11:29:56,647 [main] INFO  o.s.b.a.h2.H2ConsoleAutoConfiguration    :  H2 console available at '/console'. Database available at 'jdbc:h2:mem:testdb'
2022-08-24 11:29:57,302 [main] WARN  o.s.c.l.c.LoadBalancerCacheAutoConfiguration$LoadBalancerCaffeineWarnLogger :  Spring Cloud LoadBalancer is currently working with the default cache. While this cache implementation is useful for development and tests, it's recommended to use Caffeine cache in production.You can switch to using Caffeine cache, by adding it and org.springframework.cache.caffeine.CaffeineCacheManager to the classpath.
2022-08-24 11:29:57,764 [main] INFO  o.s.c.netflix.eureka.InstanceInfoFactory :  Setting initial instance status as: STARTING
2022-08-24 11:29:57,974 [main] INFO  com.netflix.discovery.DiscoveryClient    :  Initializing Eureka in region us-east-1
2022-08-24 11:29:57,980 [main] INFO  c.n.d.s.r.aws.ConfigClusterResolver      :  Resolving eureka endpoints via configuration
2022-08-24 11:29:58,029 [main] INFO  com.netflix.discovery.DiscoveryClient    :  Disable delta property : false
2022-08-24 11:29:58,030 [main] INFO  com.netflix.discovery.DiscoveryClient    :  Single vip registry refresh property : null
2022-08-24 11:29:58,030 [main] INFO  com.netflix.discovery.DiscoveryClient    :  Force full registry fetch : false
2022-08-24 11:29:58,030 [main] INFO  com.netflix.discovery.DiscoveryClient    :  Application is null : false
2022-08-24 11:29:58,030 [main] INFO  com.netflix.discovery.DiscoveryClient    :  Registered Applications size is zero : true
2022-08-24 11:29:58,030 [main] INFO  com.netflix.discovery.DiscoveryClient    :  Application version is -1: true
2022-08-24 11:29:58,030 [main] INFO  com.netflix.discovery.DiscoveryClient    :  Getting all instance registry info from the eureka server
2022-08-24 11:29:58,598 [main] INFO  o.hibernate.jpa.internal.util.LogHelper  :  HHH000204: Processing PersistenceUnitInfo [name: default]
2022-08-24 11:29:58,755 [main] INFO  org.hibernate.Version                    :  HHH000412: Hibernate ORM core version 5.6.10.Final
2022-08-24 11:29:59,152 [main] INFO  com.netflix.discovery.DiscoveryClient    :  The response status is 200
2022-08-24 11:29:59,159 [main] INFO  com.netflix.discovery.DiscoveryClient    :  Starting heartbeat executor: renew interval is: 30
2022-08-24 11:29:59,162 [main] INFO  c.n.discovery.InstanceInfoReplicator     :  InstanceInfoReplicator onDemand update allowed rate per min is 4
2022-08-24 11:29:59,164 [main] INFO  org.hibernate.annotations.common.Version :  HCANN000001: Hibernate Commons Annotations {5.1.2.Final}
2022-08-24 11:29:59,171 [main] INFO  com.netflix.discovery.DiscoveryClient    :  Discovery Client initialized at timestamp 1661315399168 with initial instances count: 2
2022-08-24 11:29:59,182 [main] INFO  o.s.c.n.e.s.EurekaServiceRegistry        :  Registering application POST-SERVICE with eureka with status UP
2022-08-24 11:29:59,183 [main] INFO  com.netflix.discovery.DiscoveryClient    :  Saw local status change event StatusChangeEvent [timestamp=1661315399183, current=UP, previous=STARTING]
2022-08-24 11:29:59,185 [DiscoveryClient-InstanceInfoReplicator-0] INFO  com.netflix.discovery.DiscoveryClient    :  DiscoveryClient_POST-SERVICE/B1326-Sovath1.wingmoney.com:POST-SERVICE:9093: registering service...
2022-08-24 11:29:59,192 [main] WARN  o.s.b.w.s.c.AnnotationConfigServletWebServerApplicationContext :  Exception encountered during context initialization - cancelling refresh attempt: org.springframework.context.ApplicationContextException: Failed to start bean 'webServerStartStop'; nested exception is org.springframework.boot.web.server.PortInUseException: Port 9093 is already in use
2022-08-24 11:29:59,197 [main] INFO  o.s.o.j.LocalContainerEntityManagerFactoryBean :  Closing JPA EntityManagerFactory for persistence unit 'default'
2022-08-24 11:29:59,198 [main] INFO  o.h.t.s.i.SchemaDropperImpl$DelayedDropActionImpl :  HHH000477: Starting delayed evictData of schema as part of SessionFactory shut-down'
2022-08-24 11:29:59,239 [DiscoveryClient-InstanceInfoReplicator-0] INFO  com.netflix.discovery.DiscoveryClient    :  DiscoveryClient_POST-SERVICE/B1326-Sovath1.wingmoney.com:POST-SERVICE:9093 - registration status: 204
2022-08-24 11:29:59,344 [main] INFO  org.hibernate.dialect.Dialect            :  HHH000400: Using dialect: org.hibernate.dialect.H2Dialect
2022-08-24 11:29:59,628 [main] INFO  o.s.c.n.e.c.DiscoveryClientOptionalArgsConfiguration :  Eureka HTTP Client uses RestTemplate.
2022-08-24 11:29:59,922 [main] INFO  o.h.e.t.j.p.i.JtaPlatformInitiator       :  HHH000490: Using JtaPlatform implementation: [org.hibernate.engine.transaction.jta.platform.internal.NoJtaPlatform]
2022-08-24 11:29:59,933 [main] INFO  o.s.o.j.LocalContainerEntityManagerFactoryBean :  Initialized JPA EntityManagerFactory for persistence unit 'default'
2022-08-24 11:30:00,109 [main] WARN  o.s.c.l.c.LoadBalancerCacheAutoConfiguration$LoadBalancerCaffeineWarnLogger :  Spring Cloud LoadBalancer is currently working with the default cache. While this cache implementation is useful for development and tests, it's recommended to use Caffeine cache in production.You can switch to using Caffeine cache, by adding it and org.springframework.cache.caffeine.CaffeineCacheManager to the classpath.
2022-08-24 11:30:00,209 [main] INFO  o.s.c.netflix.eureka.InstanceInfoFactory :  Setting initial instance status as: STARTING
2022-08-24 11:30:00,217 [main] WARN  z.r.AsyncReporter$BoundedAsyncReporter   :  Timed out waiting for in-flight spans to send
2022-08-24 11:30:00,219 [main] INFO  com.zaxxer.hikari.HikariDataSource       :  HikariPool-1 - Shutdown initiated...
2022-08-24 11:30:00,222 [main] INFO  com.zaxxer.hikari.HikariDataSource       :  HikariPool-1 - Shutdown completed.
2022-08-24 11:30:00,223 [main] INFO  com.netflix.discovery.DiscoveryClient    :  Shutting down DiscoveryClient ...
2022-08-24 11:30:00,307 [main] INFO  com.netflix.discovery.DiscoveryClient    :  Initializing Eureka in region us-east-1
2022-08-24 11:30:00,312 [main] INFO  c.n.d.s.r.aws.ConfigClusterResolver      :  Resolving eureka endpoints via configuration
2022-08-24 11:30:00,338 [main] INFO  com.netflix.discovery.DiscoveryClient    :  Disable delta property : false
2022-08-24 11:30:00,339 [main] INFO  com.netflix.discovery.DiscoveryClient    :  Single vip registry refresh property : null
2022-08-24 11:30:00,339 [main] INFO  com.netflix.discovery.DiscoveryClient    :  Force full registry fetch : false
2022-08-24 11:30:00,339 [main] INFO  com.netflix.discovery.DiscoveryClient    :  Application is null : false
2022-08-24 11:30:00,339 [main] INFO  com.netflix.discovery.DiscoveryClient    :  Registered Applications size is zero : true
2022-08-24 11:30:00,339 [main] INFO  com.netflix.discovery.DiscoveryClient    :  Application version is -1: true
2022-08-24 11:30:00,339 [main] INFO  com.netflix.discovery.DiscoveryClient    :  Getting all instance registry info from the eureka server
2022-08-24 11:30:00,488 [main] WARN  o.s.b.a.o.j.JpaBaseConfiguration$JpaWebConfiguration :  spring.jpa.open-in-view is enabled by default. Therefore, database queries may be performed during view rendering. Explicitly configure spring.jpa.open-in-view to disable this warning
2022-08-24 11:30:00,763 [main] INFO  com.netflix.discovery.DiscoveryClient    :  The response status is 200
2022-08-24 11:30:00,767 [main] INFO  com.netflix.discovery.DiscoveryClient    :  Starting heartbeat executor: renew interval is: 30
2022-08-24 11:30:00,770 [main] INFO  c.n.discovery.InstanceInfoReplicator     :  InstanceInfoReplicator onDemand update allowed rate per min is 4
2022-08-24 11:30:00,775 [main] INFO  com.netflix.discovery.DiscoveryClient    :  Discovery Client initialized at timestamp 1661315400774 with initial instances count: 4
2022-08-24 11:30:00,784 [main] INFO  o.s.c.n.e.s.EurekaServiceRegistry        :  Registering application POST-SERVICE with eureka with status UP
2022-08-24 11:30:00,785 [main] INFO  com.netflix.discovery.DiscoveryClient    :  Saw local status change event StatusChangeEvent [timestamp=1661315400785, current=UP, previous=STARTING]
2022-08-24 11:30:00,787 [DiscoveryClient-InstanceInfoReplicator-0] INFO  com.netflix.discovery.DiscoveryClient    :  DiscoveryClient_POST-SERVICE/B1326-Sovath1.wingmoney.com:POST-SERVICE:9094: registering service...
2022-08-24 11:30:00,820 [main] INFO  o.s.b.w.embedded.tomcat.TomcatWebServer  :  Tomcat started on port(s): 9094 (http) with context path ''
2022-08-24 11:30:00,821 [main] INFO  o.s.c.n.e.s.EurekaAutoServiceRegistration :  Updating port to 9094
2022-08-24 11:30:00,843 [DiscoveryClient-InstanceInfoReplicator-0] INFO  com.netflix.discovery.DiscoveryClient    :  DiscoveryClient_POST-SERVICE/B1326-Sovath1.wingmoney.com:POST-SERVICE:9094 - registration status: 204
2022-08-24 11:30:01,261 [main] INFO  c.e.postservice.PostserviceApplication   :  Started PostserviceApplication in 20.745 seconds (JVM running for 22.166)
2022-08-24 11:30:02,693 [main] INFO  o.s.c.n.e.c.DiscoveryClientOptionalArgsConfiguration :  Eureka HTTP Client uses RestTemplate.
2022-08-24 11:30:03,056 [main] WARN  o.s.c.l.c.LoadBalancerCacheAutoConfiguration$LoadBalancerCaffeineWarnLogger :  Spring Cloud LoadBalancer is currently working with the default cache. While this cache implementation is useful for development and tests, it's recommended to use Caffeine cache in production.You can switch to using Caffeine cache, by adding it and org.springframework.cache.caffeine.CaffeineCacheManager to the classpath.
2022-08-24 11:30:03,111 [main] INFO  o.s.c.netflix.eureka.InstanceInfoFactory :  Setting initial instance status as: STARTING
2022-08-24 11:30:03,180 [main] INFO  com.netflix.discovery.DiscoveryClient    :  Initializing Eureka in region us-east-1
2022-08-24 11:30:03,184 [main] INFO  c.n.d.s.r.aws.ConfigClusterResolver      :  Resolving eureka endpoints via configuration
2022-08-24 11:30:03,200 [main] INFO  com.netflix.discovery.DiscoveryClient    :  Disable delta property : false
2022-08-24 11:30:03,200 [main] INFO  com.netflix.discovery.DiscoveryClient    :  Single vip registry refresh property : null
2022-08-24 11:30:03,200 [main] INFO  com.netflix.discovery.DiscoveryClient    :  Force full registry fetch : false
2022-08-24 11:30:03,200 [main] INFO  com.netflix.discovery.DiscoveryClient    :  Application is null : false
2022-08-24 11:30:03,200 [main] INFO  com.netflix.discovery.DiscoveryClient    :  Registered Applications size is zero : true
2022-08-24 11:30:03,201 [main] INFO  com.netflix.discovery.DiscoveryClient    :  Application version is -1: true
2022-08-24 11:30:03,201 [main] INFO  com.netflix.discovery.DiscoveryClient    :  Getting all instance registry info from the eureka server
2022-08-24 11:30:03,239 [main] INFO  com.netflix.discovery.DiscoveryClient    :  Unregistering ...
2022-08-24 11:30:03,244 [main] INFO  com.netflix.discovery.DiscoveryClient    :  DiscoveryClient_POST-SERVICE/B1326-Sovath1.wingmoney.com:POST-SERVICE:9093 - deregister  status: 200
2022-08-24 11:30:03,249 [main] INFO  com.netflix.discovery.DiscoveryClient    :  Completed shut down of DiscoveryClient
2022-08-24 11:30:03,251 [main] INFO  org.apache.catalina.core.StandardService :  Stopping service [Tomcat]
2022-08-24 11:30:03,275 [main] INFO  o.s.b.a.l.ConditionEvaluationReportLoggingListener :  

Error starting ApplicationContext. To display the conditions report re-run your application with 'debug' enabled.
2022-08-24 11:30:03,295 [main] ERROR o.s.b.d.LoggingFailureAnalysisReporter   :  

***************************
APPLICATION FAILED TO START
***************************

Description:

Web server failed to start. Port 9093 was already in use.

Action:

Identify and stop the process that's listening on port 9093 or configure this application to listen on another port.

2022-08-24 11:30:03,297 [Thread-3] INFO  o.s.c.s.a.z.ZipkinAutoConfiguration      :  Flushing remaining spans on shutdown
2022-08-24 11:30:03,770 [main] INFO  com.netflix.discovery.DiscoveryClient    :  The response status is 200
2022-08-24 11:30:03,776 [main] INFO  com.netflix.discovery.DiscoveryClient    :  Starting heartbeat executor: renew interval is: 30
2022-08-24 11:30:03,781 [main] INFO  c.n.discovery.InstanceInfoReplicator     :  InstanceInfoReplicator onDemand update allowed rate per min is 4
2022-08-24 11:30:03,789 [main] INFO  com.netflix.discovery.DiscoveryClient    :  Discovery Client initialized at timestamp 1661315403787 with initial instances count: 4
2022-08-24 11:30:03,804 [main] INFO  o.s.c.n.e.s.EurekaServiceRegistry        :  Registering application POST-SERVICE with eureka with status UP
2022-08-24 11:30:03,806 [main] INFO  com.netflix.discovery.DiscoveryClient    :  Saw local status change event StatusChangeEvent [timestamp=1661315403805, current=UP, previous=STARTING]
2022-08-24 11:30:03,808 [DiscoveryClient-InstanceInfoReplicator-0] INFO  com.netflix.discovery.DiscoveryClient    :  DiscoveryClient_POST-SERVICE/B1326-Sovath1.wingmoney.com:POST-SERVICE:9094: registering service...
2022-08-24 11:30:03,819 [main] WARN  o.s.b.w.s.c.AnnotationConfigServletWebServerApplicationContext :  Exception encountered during context initialization - cancelling refresh attempt: org.springframework.context.ApplicationContextException: Failed to start bean 'webServerStartStop'; nested exception is org.springframework.boot.web.server.PortInUseException: Port 9094 is already in use
2022-08-24 11:30:03,830 [main] INFO  o.s.o.j.LocalContainerEntityManagerFactoryBean :  Closing JPA EntityManagerFactory for persistence unit 'default'
2022-08-24 11:30:03,831 [main] INFO  o.h.t.s.i.SchemaDropperImpl$DelayedDropActionImpl :  HHH000477: Starting delayed evictData of schema as part of SessionFactory shut-down'
2022-08-24 11:30:03,867 [DiscoveryClient-InstanceInfoReplicator-0] INFO  com.netflix.discovery.DiscoveryClient    :  DiscoveryClient_POST-SERVICE/B1326-Sovath1.wingmoney.com:POST-SERVICE:9094 - registration status: 204
2022-08-24 11:30:04,841 [main] WARN  z.r.AsyncReporter$BoundedAsyncReporter   :  Timed out waiting for in-flight spans to send
2022-08-24 11:30:04,845 [main] INFO  com.zaxxer.hikari.HikariDataSource       :  HikariPool-1 - Shutdown initiated...
2022-08-24 11:30:04,848 [main] INFO  com.zaxxer.hikari.HikariDataSource       :  HikariPool-1 - Shutdown completed.
2022-08-24 11:30:04,848 [main] INFO  com.netflix.discovery.DiscoveryClient    :  Shutting down DiscoveryClient ...
2022-08-24 11:30:07,855 [main] INFO  com.netflix.discovery.DiscoveryClient    :  Unregistering ...
2022-08-24 11:30:07,861 [main] INFO  com.netflix.discovery.DiscoveryClient    :  DiscoveryClient_POST-SERVICE/B1326-Sovath1.wingmoney.com:POST-SERVICE:9094 - deregister  status: 200
2022-08-24 11:30:07,866 [main] INFO  com.netflix.discovery.DiscoveryClient    :  Completed shut down of DiscoveryClient
2022-08-24 11:30:07,872 [main] INFO  org.apache.catalina.core.StandardService :  Stopping service [Tomcat]
2022-08-24 11:30:07,898 [main] INFO  o.s.b.a.l.ConditionEvaluationReportLoggingListener :  

Error starting ApplicationContext. To display the conditions report re-run your application with 'debug' enabled.
2022-08-24 11:30:07,921 [main] ERROR o.s.b.d.LoggingFailureAnalysisReporter   :  

***************************
APPLICATION FAILED TO START
***************************

Description:

Web server failed to start. Port 9094 was already in use.

Action:

Identify and stop the process that's listening on port 9094 or configure this application to listen on another port.

